<?xml version="1.0" encoding="UTF-8"?>
<testsuite xmlns:xsi="http://www.w3.org/2001/XMLSchema-instance" xsi:noNamespaceSchemaLocation="https://maven.apache.org/surefire/maven-surefire-plugin/xsd/surefire-test-report.xsd" name="com.bcauction.application.DigitalWorkServiceTest" time="4.652" tests="5" errors="1" skipped="0" failures="2">
  <properties>
    <property name="sun.desktop" value="windows"/>
    <property name="awt.toolkit" value="sun.awt.windows.WToolkit"/>
    <property name="file.encoding.pkg" value="sun.io"/>
    <property name="java.specification.version" value="1.8"/>
    <property name="sun.cpu.isalist" value="amd64"/>
    <property name="sun.jnu.encoding" value="MS949"/>
    <property name="java.class.path" value="C:\workspace\blockchain-sub3\haribo-backend\target\test-classes;C:\workspace\blockchain-sub3\haribo-backend\target\classes;C:\Users\multicampus\.m2\repository\org\springframework\boot\spring-boot-starter-jdbc\2.1.4.RELEASE\spring-boot-starter-jdbc-2.1.4.RELEASE.jar;C:\Users\multicampus\.m2\repository\org\springframework\boot\spring-boot-starter\2.1.4.RELEASE\spring-boot-starter-2.1.4.RELEASE.jar;C:\Users\multicampus\.m2\repository\org\springframework\boot\spring-boot-starter-logging\2.1.4.RELEASE\spring-boot-starter-logging-2.1.4.RELEASE.jar;C:\Users\multicampus\.m2\repository\ch\qos\logback\logback-classic\1.2.3\logback-classic-1.2.3.jar;C:\Users\multicampus\.m2\repository\ch\qos\logback\logback-core\1.2.3\logback-core-1.2.3.jar;C:\Users\multicampus\.m2\repository\org\apache\logging\log4j\log4j-to-slf4j\2.11.2\log4j-to-slf4j-2.11.2.jar;C:\Users\multicampus\.m2\repository\org\apache\logging\log4j\log4j-api\2.11.2\log4j-api-2.11.2.jar;C:\Users\multicampus\.m2\repository\org\slf4j\jul-to-slf4j\1.7.26\jul-to-slf4j-1.7.26.jar;C:\Users\multicampus\.m2\repository\javax\annotation\javax.annotation-api\1.3.2\javax.annotation-api-1.3.2.jar;C:\Users\multicampus\.m2\repository\com\zaxxer\HikariCP\3.2.0\HikariCP-3.2.0.jar;C:\Users\multicampus\.m2\repository\org\springframework\spring-jdbc\5.1.6.RELEASE\spring-jdbc-5.1.6.RELEASE.jar;C:\Users\multicampus\.m2\repository\org\springframework\spring-beans\5.1.6.RELEASE\spring-beans-5.1.6.RELEASE.jar;C:\Users\multicampus\.m2\repository\org\springframework\spring-tx\5.1.6.RELEASE\spring-tx-5.1.6.RELEASE.jar;C:\Users\multicampus\.m2\repository\org\springframework\boot\spring-boot-starter-web\2.1.4.RELEASE\spring-boot-starter-web-2.1.4.RELEASE.jar;C:\Users\multicampus\.m2\repository\org\springframework\boot\spring-boot-starter-json\2.1.4.RELEASE\spring-boot-starter-json-2.1.4.RELEASE.jar;C:\Users\multicampus\.m2\repository\com\fasterxml\jackson\datatype\jackson-datatype-jdk8\2.9.8\jackson-datatype-jdk8-2.9.8.jar;C:\Users\multicampus\.m2\repository\com\fasterxml\jackson\datatype\jackson-datatype-jsr310\2.9.8\jackson-datatype-jsr310-2.9.8.jar;C:\Users\multicampus\.m2\repository\com\fasterxml\jackson\module\jackson-module-parameter-names\2.9.8\jackson-module-parameter-names-2.9.8.jar;C:\Users\multicampus\.m2\repository\org\springframework\boot\spring-boot-starter-tomcat\2.1.4.RELEASE\spring-boot-starter-tomcat-2.1.4.RELEASE.jar;C:\Users\multicampus\.m2\repository\org\apache\tomcat\embed\tomcat-embed-core\9.0.17\tomcat-embed-core-9.0.17.jar;C:\Users\multicampus\.m2\repository\org\apache\tomcat\embed\tomcat-embed-el\9.0.17\tomcat-embed-el-9.0.17.jar;C:\Users\multicampus\.m2\repository\org\apache\tomcat\embed\tomcat-embed-websocket\9.0.17\tomcat-embed-websocket-9.0.17.jar;C:\Users\multicampus\.m2\repository\org\hibernate\validator\hibernate-validator\6.0.16.Final\hibernate-validator-6.0.16.Final.jar;C:\Users\multicampus\.m2\repository\javax\validation\validation-api\2.0.1.Final\validation-api-2.0.1.Final.jar;C:\Users\multicampus\.m2\repository\org\jboss\logging\jboss-logging\3.3.2.Final\jboss-logging-3.3.2.Final.jar;C:\Users\multicampus\.m2\repository\com\fasterxml\classmate\1.4.0\classmate-1.4.0.jar;C:\Users\multicampus\.m2\repository\org\springframework\spring-web\5.1.6.RELEASE\spring-web-5.1.6.RELEASE.jar;C:\Users\multicampus\.m2\repository\org\springframework\spring-webmvc\5.1.6.RELEASE\spring-webmvc-5.1.6.RELEASE.jar;C:\Users\multicampus\.m2\repository\org\springframework\spring-aop\5.1.6.RELEASE\spring-aop-5.1.6.RELEASE.jar;C:\Users\multicampus\.m2\repository\org\springframework\spring-context\5.1.6.RELEASE\spring-context-5.1.6.RELEASE.jar;C:\Users\multicampus\.m2\repository\org\springframework\spring-expression\5.1.6.RELEASE\spring-expression-5.1.6.RELEASE.jar;C:\Users\multicampus\.m2\repository\mysql\mysql-connector-java\8.0.15\mysql-connector-java-8.0.15.jar;C:\Users\multicampus\.m2\repository\org\springframework\boot\spring-boot-starter-test\2.1.4.RELEASE\spring-boot-starter-test-2.1.4.RELEASE.jar;C:\Users\multicampus\.m2\repository\org\springframework\boot\spring-boot-test\2.1.4.RELEASE\spring-boot-test-2.1.4.RELEASE.jar;C:\Users\multicampus\.m2\repository\org\springframework\boot\spring-boot-test-autoconfigure\2.1.4.RELEASE\spring-boot-test-autoconfigure-2.1.4.RELEASE.jar;C:\Users\multicampus\.m2\repository\com\jayway\jsonpath\json-path\2.4.0\json-path-2.4.0.jar;C:\Users\multicampus\.m2\repository\net\minidev\json-smart\2.3\json-smart-2.3.jar;C:\Users\multicampus\.m2\repository\net\minidev\accessors-smart\1.2\accessors-smart-1.2.jar;C:\Users\multicampus\.m2\repository\junit\junit\4.12\junit-4.12.jar;C:\Users\multicampus\.m2\repository\org\assertj\assertj-core\3.11.1\assertj-core-3.11.1.jar;C:\Users\multicampus\.m2\repository\org\mockito\mockito-core\2.23.4\mockito-core-2.23.4.jar;C:\Users\multicampus\.m2\repository\net\bytebuddy\byte-buddy\1.9.12\byte-buddy-1.9.12.jar;C:\Users\multicampus\.m2\repository\net\bytebuddy\byte-buddy-agent\1.9.12\byte-buddy-agent-1.9.12.jar;C:\Users\multicampus\.m2\repository\org\objenesis\objenesis\2.6\objenesis-2.6.jar;C:\Users\multicampus\.m2\repository\org\hamcrest\hamcrest-core\1.3\hamcrest-core-1.3.jar;C:\Users\multicampus\.m2\repository\org\hamcrest\hamcrest-library\1.3\hamcrest-library-1.3.jar;C:\Users\multicampus\.m2\repository\org\skyscreamer\jsonassert\1.5.0\jsonassert-1.5.0.jar;C:\Users\multicampus\.m2\repository\com\vaadin\external\google\android-json\0.0.20131108.vaadin1\android-json-0.0.20131108.vaadin1.jar;C:\Users\multicampus\.m2\repository\org\springframework\spring-core\5.1.6.RELEASE\spring-core-5.1.6.RELEASE.jar;C:\Users\multicampus\.m2\repository\org\springframework\spring-jcl\5.1.6.RELEASE\spring-jcl-5.1.6.RELEASE.jar;C:\Users\multicampus\.m2\repository\org\springframework\spring-test\5.1.6.RELEASE\spring-test-5.1.6.RELEASE.jar;C:\Users\multicampus\.m2\repository\org\xmlunit\xmlunit-core\2.6.2\xmlunit-core-2.6.2.jar;C:\Users\multicampus\.m2\repository\org\web3j\web3j-spring-boot-starter\1.6.0\web3j-spring-boot-starter-1.6.0.jar;C:\Users\multicampus\.m2\repository\org\springframework\boot\spring-boot-autoconfigure\2.1.4.RELEASE\spring-boot-autoconfigure-2.1.4.RELEASE.jar;C:\Users\multicampus\.m2\repository\org\springframework\boot\spring-boot-actuator\2.1.4.RELEASE\spring-boot-actuator-2.1.4.RELEASE.jar;C:\Users\multicampus\.m2\repository\org\springframework\boot\spring-boot-configuration-processor\2.1.4.RELEASE\spring-boot-configuration-processor-2.1.4.RELEASE.jar;C:\Users\multicampus\.m2\repository\org\web3j\core\4.2.0\core-4.2.0.jar;C:\Users\multicampus\.m2\repository\org\web3j\abi\4.2.0\abi-4.2.0.jar;C:\Users\multicampus\.m2\repository\org\web3j\utils\4.2.0\utils-4.2.0.jar;C:\Users\multicampus\.m2\repository\org\web3j\crypto\4.2.0\crypto-4.2.0.jar;C:\Users\multicampus\.m2\repository\org\web3j\rlp\4.2.0\rlp-4.2.0.jar;C:\Users\multicampus\.m2\repository\org\web3j\tuples\4.2.0\tuples-4.2.0.jar;C:\Users\multicampus\.m2\repository\com\github\jnr\jnr-unixsocket\0.21\jnr-unixsocket-0.21.jar;C:\Users\multicampus\.m2\repository\com\github\jnr\jnr-ffi\2.1.9\jnr-ffi-2.1.9.jar;C:\Users\multicampus\.m2\repository\com\github\jnr\jffi\1.2.17\jffi-1.2.17.jar;C:\Users\multicampus\.m2\repository\com\github\jnr\jffi\1.2.16\jffi-1.2.16-native.jar;C:\Users\multicampus\.m2\repository\org\ow2\asm\asm\5.0.3\asm-5.0.3.jar;C:\Users\multicampus\.m2\repository\org\ow2\asm\asm-commons\5.0.3\asm-commons-5.0.3.jar;C:\Users\multicampus\.m2\repository\org\ow2\asm\asm-analysis\5.0.3\asm-analysis-5.0.3.jar;C:\Users\multicampus\.m2\repository\org\ow2\asm\asm-tree\5.0.3\asm-tree-5.0.3.jar;C:\Users\multicampus\.m2\repository\org\ow2\asm\asm-util\5.0.3\asm-util-5.0.3.jar;C:\Users\multicampus\.m2\repository\com\github\jnr\jnr-a64asm\1.0.0\jnr-a64asm-1.0.0.jar;C:\Users\multicampus\.m2\repository\com\github\jnr\jnr-x86asm\1.0.2\jnr-x86asm-1.0.2.jar;C:\Users\multicampus\.m2\repository\com\github\jnr\jnr-constants\0.9.11\jnr-constants-0.9.11.jar;C:\Users\multicampus\.m2\repository\com\github\jnr\jnr-enxio\0.19\jnr-enxio-0.19.jar;C:\Users\multicampus\.m2\repository\com\github\jnr\jnr-posix\3.0.47\jnr-posix-3.0.47.jar;C:\Users\multicampus\.m2\repository\com\squareup\okhttp3\okhttp\3.8.1\okhttp-3.8.1.jar;C:\Users\multicampus\.m2\repository\com\squareup\okio\okio\1.13.0\okio-1.13.0.jar;C:\Users\multicampus\.m2\repository\com\squareup\okhttp3\logging-interceptor\3.8.1\logging-interceptor-3.8.1.jar;C:\Users\multicampus\.m2\repository\io\reactivex\rxjava2\rxjava\2.2.8\rxjava-2.2.8.jar;C:\Users\multicampus\.m2\repository\org\reactivestreams\reactive-streams\1.0.2\reactive-streams-1.0.2.jar;C:\Users\multicampus\.m2\repository\org\java-websocket\Java-WebSocket\1.3.8\Java-WebSocket-1.3.8.jar;C:\Users\multicampus\.m2\repository\com\fasterxml\jackson\core\jackson-databind\2.9.8\jackson-databind-2.9.8.jar;C:\Users\multicampus\.m2\repository\com\fasterxml\jackson\core\jackson-annotations\2.9.0\jackson-annotations-2.9.0.jar;C:\Users\multicampus\.m2\repository\com\fasterxml\jackson\core\jackson-core\2.9.8\jackson-core-2.9.8.jar;C:\Users\multicampus\.m2\repository\org\slf4j\slf4j-api\1.7.26\slf4j-api-1.7.26.jar;C:\Users\multicampus\.m2\repository\org\apache\httpcomponents\httpclient\4.5.6\httpclient-4.5.6.jar;C:\Users\multicampus\.m2\repository\org\apache\httpcomponents\httpcore\4.4.11\httpcore-4.4.11.jar;C:\Users\multicampus\.m2\repository\commons-codec\commons-codec\1.11\commons-codec-1.11.jar;C:\Users\multicampus\.m2\repository\org\hyperledger\fabric-sdk-java\fabric-sdk-java\1.4.0\fabric-sdk-java-1.4.0.jar;C:\Users\multicampus\.m2\repository\io\grpc\grpc-netty\1.17.1\grpc-netty-1.17.1.jar;C:\Users\multicampus\.m2\repository\io\grpc\grpc-core\1.17.1\grpc-core-1.17.1.jar;C:\Users\multicampus\.m2\repository\io\grpc\grpc-context\1.17.1\grpc-context-1.17.1.jar;C:\Users\multicampus\.m2\repository\com\google\errorprone\error_prone_annotations\2.2.0\error_prone_annotations-2.2.0.jar;C:\Users\multicampus\.m2\repository\com\google\code\findbugs\jsr305\3.0.2\jsr305-3.0.2.jar;C:\Users\multicampus\.m2\repository\org\codehaus\mojo\animal-sniffer-annotations\1.17\animal-sniffer-annotations-1.17.jar;C:\Users\multicampus\.m2\repository\io\opencensus\opencensus-api\0.17.0\opencensus-api-0.17.0.jar;C:\Users\multicampus\.m2\repository\io\opencensus\opencensus-contrib-grpc-metrics\0.17.0\opencensus-contrib-grpc-metrics-0.17.0.jar;C:\Users\multicampus\.m2\repository\io\netty\netty-handler-proxy\4.1.34.Final\netty-handler-proxy-4.1.34.Final.jar;C:\Users\multicampus\.m2\repository\io\netty\netty-codec-socks\4.1.34.Final\netty-codec-socks-4.1.34.Final.jar;C:\Users\multicampus\.m2\repository\io\grpc\grpc-protobuf\1.17.1\grpc-protobuf-1.17.1.jar;C:\Users\multicampus\.m2\repository\com\google\guava\guava\26.0-android\guava-26.0-android.jar;C:\Users\multicampus\.m2\repository\org\checkerframework\checker-compat-qual\2.5.2\checker-compat-qual-2.5.2.jar;C:\Users\multicampus\.m2\repository\com\google\j2objc\j2objc-annotations\1.1\j2objc-annotations-1.1.jar;C:\Users\multicampus\.m2\repository\com\google\api\grpc\proto-google-common-protos\1.0.0\proto-google-common-protos-1.0.0.jar;C:\Users\multicampus\.m2\repository\io\grpc\grpc-protobuf-lite\1.17.1\grpc-protobuf-lite-1.17.1.jar;C:\Users\multicampus\.m2\repository\io\grpc\grpc-stub\1.17.1\grpc-stub-1.17.1.jar;C:\Users\multicampus\.m2\repository\io\netty\netty-tcnative-boringssl-static\2.0.24.Final\netty-tcnative-boringssl-static-2.0.24.Final.jar;C:\Users\multicampus\.m2\repository\io\netty\netty-codec-http2\4.1.34.Final\netty-codec-http2-4.1.34.Final.jar;C:\Users\multicampus\.m2\repository\io\netty\netty-common\4.1.34.Final\netty-common-4.1.34.Final.jar;C:\Users\multicampus\.m2\repository\io\netty\netty-buffer\4.1.34.Final\netty-buffer-4.1.34.Final.jar;C:\Users\multicampus\.m2\repository\io\netty\netty-transport\4.1.34.Final\netty-transport-4.1.34.Final.jar;C:\Users\multicampus\.m2\repository\io\netty\netty-resolver\4.1.34.Final\netty-resolver-4.1.34.Final.jar;C:\Users\multicampus\.m2\repository\io\netty\netty-codec\4.1.34.Final\netty-codec-4.1.34.Final.jar;C:\Users\multicampus\.m2\repository\io\netty\netty-handler\4.1.34.Final\netty-handler-4.1.34.Final.jar;C:\Users\multicampus\.m2\repository\io\netty\netty-codec-http\4.1.34.Final\netty-codec-http-4.1.34.Final.jar;C:\Users\multicampus\.m2\repository\com\google\protobuf\protobuf-java\3.6.1\protobuf-java-3.6.1.jar;C:\Users\multicampus\.m2\repository\com\google\protobuf\protobuf-java-util\3.6.1\protobuf-java-util-3.6.1.jar;C:\Users\multicampus\.m2\repository\com\google\code\gson\gson\2.8.5\gson-2.8.5.jar;C:\Users\multicampus\.m2\repository\org\bouncycastle\bcpkix-jdk15on\1.60\bcpkix-jdk15on-1.60.jar;C:\Users\multicampus\.m2\repository\org\bouncycastle\bcprov-jdk15on\1.60\bcprov-jdk15on-1.60.jar;C:\Users\multicampus\.m2\repository\commons-logging\commons-logging\1.2\commons-logging-1.2.jar;C:\Users\multicampus\.m2\repository\commons-cli\commons-cli\1.4\commons-cli-1.4.jar;C:\Users\multicampus\.m2\repository\org\apache\commons\commons-compress\1.18\commons-compress-1.18.jar;C:\Users\multicampus\.m2\repository\commons-io\commons-io\2.6\commons-io-2.6.jar;C:\Users\multicampus\.m2\repository\log4j\log4j\1.2.17\log4j-1.2.17.jar;C:\Users\multicampus\.m2\repository\log4j\apache-log4j-extras\1.2.17\apache-log4j-extras-1.2.17.jar;C:\Users\multicampus\.m2\repository\org\glassfish\javax.json\1.1.4\javax.json-1.1.4.jar;C:\Users\multicampus\.m2\repository\org\yaml\snakeyaml\1.23\snakeyaml-1.23.jar;C:\Users\multicampus\.m2\repository\org\miracl\milagro\amcl\milagro-crypto-java\0.4.0\milagro-crypto-java-0.4.0.jar;C:\Users\multicampus\.m2\repository\org\apache\commons\commons-math3\3.6.1\commons-math3-3.6.1.jar;C:\Users\multicampus\.m2\repository\org\springframework\boot\spring-boot-devtools\2.1.4.RELEASE\spring-boot-devtools-2.1.4.RELEASE.jar;C:\Users\multicampus\.m2\repository\org\springframework\boot\spring-boot\2.1.4.RELEASE\spring-boot-2.1.4.RELEASE.jar;"/>
    <property name="java.vm.vendor" value="Oracle Corporation"/>
    <property name="sun.arch.data.model" value="64"/>
    <property name="user.variant" value=""/>
    <property name="java.vendor.url" value="http://java.oracle.com/"/>
    <property name="user.timezone" value="Asia/Seoul"/>
    <property name="java.vm.specification.version" value="1.8"/>
    <property name="os.name" value="Windows 10"/>
    <property name="user.country" value="KR"/>
    <property name="sun.java.launcher" value="SUN_STANDARD"/>
    <property name="sun.boot.library.path" value="C:\Program Files\Java\jdk1.8.0_191\jre\bin"/>
    <property name="sun.java.command" value="C:\Users\MULTIC~1\AppData\Local\Temp\surefire3784491022878369310\surefirebooter8608718604933080439.jar C:\Users\multicampus\AppData\Local\Temp\surefire3784491022878369310 2019-09-26T13-11-22_223-jvmRun1 surefire2748281483936844031tmp surefire_06551474414188380168tmp"/>
    <property name="surefire.test.class.path" value="C:\workspace\blockchain-sub3\haribo-backend\target\test-classes;C:\workspace\blockchain-sub3\haribo-backend\target\classes;C:\Users\multicampus\.m2\repository\org\springframework\boot\spring-boot-starter-jdbc\2.1.4.RELEASE\spring-boot-starter-jdbc-2.1.4.RELEASE.jar;C:\Users\multicampus\.m2\repository\org\springframework\boot\spring-boot-starter\2.1.4.RELEASE\spring-boot-starter-2.1.4.RELEASE.jar;C:\Users\multicampus\.m2\repository\org\springframework\boot\spring-boot-starter-logging\2.1.4.RELEASE\spring-boot-starter-logging-2.1.4.RELEASE.jar;C:\Users\multicampus\.m2\repository\ch\qos\logback\logback-classic\1.2.3\logback-classic-1.2.3.jar;C:\Users\multicampus\.m2\repository\ch\qos\logback\logback-core\1.2.3\logback-core-1.2.3.jar;C:\Users\multicampus\.m2\repository\org\apache\logging\log4j\log4j-to-slf4j\2.11.2\log4j-to-slf4j-2.11.2.jar;C:\Users\multicampus\.m2\repository\org\apache\logging\log4j\log4j-api\2.11.2\log4j-api-2.11.2.jar;C:\Users\multicampus\.m2\repository\org\slf4j\jul-to-slf4j\1.7.26\jul-to-slf4j-1.7.26.jar;C:\Users\multicampus\.m2\repository\javax\annotation\javax.annotation-api\1.3.2\javax.annotation-api-1.3.2.jar;C:\Users\multicampus\.m2\repository\com\zaxxer\HikariCP\3.2.0\HikariCP-3.2.0.jar;C:\Users\multicampus\.m2\repository\org\springframework\spring-jdbc\5.1.6.RELEASE\spring-jdbc-5.1.6.RELEASE.jar;C:\Users\multicampus\.m2\repository\org\springframework\spring-beans\5.1.6.RELEASE\spring-beans-5.1.6.RELEASE.jar;C:\Users\multicampus\.m2\repository\org\springframework\spring-tx\5.1.6.RELEASE\spring-tx-5.1.6.RELEASE.jar;C:\Users\multicampus\.m2\repository\org\springframework\boot\spring-boot-starter-web\2.1.4.RELEASE\spring-boot-starter-web-2.1.4.RELEASE.jar;C:\Users\multicampus\.m2\repository\org\springframework\boot\spring-boot-starter-json\2.1.4.RELEASE\spring-boot-starter-json-2.1.4.RELEASE.jar;C:\Users\multicampus\.m2\repository\com\fasterxml\jackson\datatype\jackson-datatype-jdk8\2.9.8\jackson-datatype-jdk8-2.9.8.jar;C:\Users\multicampus\.m2\repository\com\fasterxml\jackson\datatype\jackson-datatype-jsr310\2.9.8\jackson-datatype-jsr310-2.9.8.jar;C:\Users\multicampus\.m2\repository\com\fasterxml\jackson\module\jackson-module-parameter-names\2.9.8\jackson-module-parameter-names-2.9.8.jar;C:\Users\multicampus\.m2\repository\org\springframework\boot\spring-boot-starter-tomcat\2.1.4.RELEASE\spring-boot-starter-tomcat-2.1.4.RELEASE.jar;C:\Users\multicampus\.m2\repository\org\apache\tomcat\embed\tomcat-embed-core\9.0.17\tomcat-embed-core-9.0.17.jar;C:\Users\multicampus\.m2\repository\org\apache\tomcat\embed\tomcat-embed-el\9.0.17\tomcat-embed-el-9.0.17.jar;C:\Users\multicampus\.m2\repository\org\apache\tomcat\embed\tomcat-embed-websocket\9.0.17\tomcat-embed-websocket-9.0.17.jar;C:\Users\multicampus\.m2\repository\org\hibernate\validator\hibernate-validator\6.0.16.Final\hibernate-validator-6.0.16.Final.jar;C:\Users\multicampus\.m2\repository\javax\validation\validation-api\2.0.1.Final\validation-api-2.0.1.Final.jar;C:\Users\multicampus\.m2\repository\org\jboss\logging\jboss-logging\3.3.2.Final\jboss-logging-3.3.2.Final.jar;C:\Users\multicampus\.m2\repository\com\fasterxml\classmate\1.4.0\classmate-1.4.0.jar;C:\Users\multicampus\.m2\repository\org\springframework\spring-web\5.1.6.RELEASE\spring-web-5.1.6.RELEASE.jar;C:\Users\multicampus\.m2\repository\org\springframework\spring-webmvc\5.1.6.RELEASE\spring-webmvc-5.1.6.RELEASE.jar;C:\Users\multicampus\.m2\repository\org\springframework\spring-aop\5.1.6.RELEASE\spring-aop-5.1.6.RELEASE.jar;C:\Users\multicampus\.m2\repository\org\springframework\spring-context\5.1.6.RELEASE\spring-context-5.1.6.RELEASE.jar;C:\Users\multicampus\.m2\repository\org\springframework\spring-expression\5.1.6.RELEASE\spring-expression-5.1.6.RELEASE.jar;C:\Users\multicampus\.m2\repository\mysql\mysql-connector-java\8.0.15\mysql-connector-java-8.0.15.jar;C:\Users\multicampus\.m2\repository\org\springframework\boot\spring-boot-starter-test\2.1.4.RELEASE\spring-boot-starter-test-2.1.4.RELEASE.jar;C:\Users\multicampus\.m2\repository\org\springframework\boot\spring-boot-test\2.1.4.RELEASE\spring-boot-test-2.1.4.RELEASE.jar;C:\Users\multicampus\.m2\repository\org\springframework\boot\spring-boot-test-autoconfigure\2.1.4.RELEASE\spring-boot-test-autoconfigure-2.1.4.RELEASE.jar;C:\Users\multicampus\.m2\repository\com\jayway\jsonpath\json-path\2.4.0\json-path-2.4.0.jar;C:\Users\multicampus\.m2\repository\net\minidev\json-smart\2.3\json-smart-2.3.jar;C:\Users\multicampus\.m2\repository\net\minidev\accessors-smart\1.2\accessors-smart-1.2.jar;C:\Users\multicampus\.m2\repository\junit\junit\4.12\junit-4.12.jar;C:\Users\multicampus\.m2\repository\org\assertj\assertj-core\3.11.1\assertj-core-3.11.1.jar;C:\Users\multicampus\.m2\repository\org\mockito\mockito-core\2.23.4\mockito-core-2.23.4.jar;C:\Users\multicampus\.m2\repository\net\bytebuddy\byte-buddy\1.9.12\byte-buddy-1.9.12.jar;C:\Users\multicampus\.m2\repository\net\bytebuddy\byte-buddy-agent\1.9.12\byte-buddy-agent-1.9.12.jar;C:\Users\multicampus\.m2\repository\org\objenesis\objenesis\2.6\objenesis-2.6.jar;C:\Users\multicampus\.m2\repository\org\hamcrest\hamcrest-core\1.3\hamcrest-core-1.3.jar;C:\Users\multicampus\.m2\repository\org\hamcrest\hamcrest-library\1.3\hamcrest-library-1.3.jar;C:\Users\multicampus\.m2\repository\org\skyscreamer\jsonassert\1.5.0\jsonassert-1.5.0.jar;C:\Users\multicampus\.m2\repository\com\vaadin\external\google\android-json\0.0.20131108.vaadin1\android-json-0.0.20131108.vaadin1.jar;C:\Users\multicampus\.m2\repository\org\springframework\spring-core\5.1.6.RELEASE\spring-core-5.1.6.RELEASE.jar;C:\Users\multicampus\.m2\repository\org\springframework\spring-jcl\5.1.6.RELEASE\spring-jcl-5.1.6.RELEASE.jar;C:\Users\multicampus\.m2\repository\org\springframework\spring-test\5.1.6.RELEASE\spring-test-5.1.6.RELEASE.jar;C:\Users\multicampus\.m2\repository\org\xmlunit\xmlunit-core\2.6.2\xmlunit-core-2.6.2.jar;C:\Users\multicampus\.m2\repository\org\web3j\web3j-spring-boot-starter\1.6.0\web3j-spring-boot-starter-1.6.0.jar;C:\Users\multicampus\.m2\repository\org\springframework\boot\spring-boot-autoconfigure\2.1.4.RELEASE\spring-boot-autoconfigure-2.1.4.RELEASE.jar;C:\Users\multicampus\.m2\repository\org\springframework\boot\spring-boot-actuator\2.1.4.RELEASE\spring-boot-actuator-2.1.4.RELEASE.jar;C:\Users\multicampus\.m2\repository\org\springframework\boot\spring-boot-configuration-processor\2.1.4.RELEASE\spring-boot-configuration-processor-2.1.4.RELEASE.jar;C:\Users\multicampus\.m2\repository\org\web3j\core\4.2.0\core-4.2.0.jar;C:\Users\multicampus\.m2\repository\org\web3j\abi\4.2.0\abi-4.2.0.jar;C:\Users\multicampus\.m2\repository\org\web3j\utils\4.2.0\utils-4.2.0.jar;C:\Users\multicampus\.m2\repository\org\web3j\crypto\4.2.0\crypto-4.2.0.jar;C:\Users\multicampus\.m2\repository\org\web3j\rlp\4.2.0\rlp-4.2.0.jar;C:\Users\multicampus\.m2\repository\org\web3j\tuples\4.2.0\tuples-4.2.0.jar;C:\Users\multicampus\.m2\repository\com\github\jnr\jnr-unixsocket\0.21\jnr-unixsocket-0.21.jar;C:\Users\multicampus\.m2\repository\com\github\jnr\jnr-ffi\2.1.9\jnr-ffi-2.1.9.jar;C:\Users\multicampus\.m2\repository\com\github\jnr\jffi\1.2.17\jffi-1.2.17.jar;C:\Users\multicampus\.m2\repository\com\github\jnr\jffi\1.2.16\jffi-1.2.16-native.jar;C:\Users\multicampus\.m2\repository\org\ow2\asm\asm\5.0.3\asm-5.0.3.jar;C:\Users\multicampus\.m2\repository\org\ow2\asm\asm-commons\5.0.3\asm-commons-5.0.3.jar;C:\Users\multicampus\.m2\repository\org\ow2\asm\asm-analysis\5.0.3\asm-analysis-5.0.3.jar;C:\Users\multicampus\.m2\repository\org\ow2\asm\asm-tree\5.0.3\asm-tree-5.0.3.jar;C:\Users\multicampus\.m2\repository\org\ow2\asm\asm-util\5.0.3\asm-util-5.0.3.jar;C:\Users\multicampus\.m2\repository\com\github\jnr\jnr-a64asm\1.0.0\jnr-a64asm-1.0.0.jar;C:\Users\multicampus\.m2\repository\com\github\jnr\jnr-x86asm\1.0.2\jnr-x86asm-1.0.2.jar;C:\Users\multicampus\.m2\repository\com\github\jnr\jnr-constants\0.9.11\jnr-constants-0.9.11.jar;C:\Users\multicampus\.m2\repository\com\github\jnr\jnr-enxio\0.19\jnr-enxio-0.19.jar;C:\Users\multicampus\.m2\repository\com\github\jnr\jnr-posix\3.0.47\jnr-posix-3.0.47.jar;C:\Users\multicampus\.m2\repository\com\squareup\okhttp3\okhttp\3.8.1\okhttp-3.8.1.jar;C:\Users\multicampus\.m2\repository\com\squareup\okio\okio\1.13.0\okio-1.13.0.jar;C:\Users\multicampus\.m2\repository\com\squareup\okhttp3\logging-interceptor\3.8.1\logging-interceptor-3.8.1.jar;C:\Users\multicampus\.m2\repository\io\reactivex\rxjava2\rxjava\2.2.8\rxjava-2.2.8.jar;C:\Users\multicampus\.m2\repository\org\reactivestreams\reactive-streams\1.0.2\reactive-streams-1.0.2.jar;C:\Users\multicampus\.m2\repository\org\java-websocket\Java-WebSocket\1.3.8\Java-WebSocket-1.3.8.jar;C:\Users\multicampus\.m2\repository\com\fasterxml\jackson\core\jackson-databind\2.9.8\jackson-databind-2.9.8.jar;C:\Users\multicampus\.m2\repository\com\fasterxml\jackson\core\jackson-annotations\2.9.0\jackson-annotations-2.9.0.jar;C:\Users\multicampus\.m2\repository\com\fasterxml\jackson\core\jackson-core\2.9.8\jackson-core-2.9.8.jar;C:\Users\multicampus\.m2\repository\org\slf4j\slf4j-api\1.7.26\slf4j-api-1.7.26.jar;C:\Users\multicampus\.m2\repository\org\apache\httpcomponents\httpclient\4.5.6\httpclient-4.5.6.jar;C:\Users\multicampus\.m2\repository\org\apache\httpcomponents\httpcore\4.4.11\httpcore-4.4.11.jar;C:\Users\multicampus\.m2\repository\commons-codec\commons-codec\1.11\commons-codec-1.11.jar;C:\Users\multicampus\.m2\repository\org\hyperledger\fabric-sdk-java\fabric-sdk-java\1.4.0\fabric-sdk-java-1.4.0.jar;C:\Users\multicampus\.m2\repository\io\grpc\grpc-netty\1.17.1\grpc-netty-1.17.1.jar;C:\Users\multicampus\.m2\repository\io\grpc\grpc-core\1.17.1\grpc-core-1.17.1.jar;C:\Users\multicampus\.m2\repository\io\grpc\grpc-context\1.17.1\grpc-context-1.17.1.jar;C:\Users\multicampus\.m2\repository\com\google\errorprone\error_prone_annotations\2.2.0\error_prone_annotations-2.2.0.jar;C:\Users\multicampus\.m2\repository\com\google\code\findbugs\jsr305\3.0.2\jsr305-3.0.2.jar;C:\Users\multicampus\.m2\repository\org\codehaus\mojo\animal-sniffer-annotations\1.17\animal-sniffer-annotations-1.17.jar;C:\Users\multicampus\.m2\repository\io\opencensus\opencensus-api\0.17.0\opencensus-api-0.17.0.jar;C:\Users\multicampus\.m2\repository\io\opencensus\opencensus-contrib-grpc-metrics\0.17.0\opencensus-contrib-grpc-metrics-0.17.0.jar;C:\Users\multicampus\.m2\repository\io\netty\netty-handler-proxy\4.1.34.Final\netty-handler-proxy-4.1.34.Final.jar;C:\Users\multicampus\.m2\repository\io\netty\netty-codec-socks\4.1.34.Final\netty-codec-socks-4.1.34.Final.jar;C:\Users\multicampus\.m2\repository\io\grpc\grpc-protobuf\1.17.1\grpc-protobuf-1.17.1.jar;C:\Users\multicampus\.m2\repository\com\google\guava\guava\26.0-android\guava-26.0-android.jar;C:\Users\multicampus\.m2\repository\org\checkerframework\checker-compat-qual\2.5.2\checker-compat-qual-2.5.2.jar;C:\Users\multicampus\.m2\repository\com\google\j2objc\j2objc-annotations\1.1\j2objc-annotations-1.1.jar;C:\Users\multicampus\.m2\repository\com\google\api\grpc\proto-google-common-protos\1.0.0\proto-google-common-protos-1.0.0.jar;C:\Users\multicampus\.m2\repository\io\grpc\grpc-protobuf-lite\1.17.1\grpc-protobuf-lite-1.17.1.jar;C:\Users\multicampus\.m2\repository\io\grpc\grpc-stub\1.17.1\grpc-stub-1.17.1.jar;C:\Users\multicampus\.m2\repository\io\netty\netty-tcnative-boringssl-static\2.0.24.Final\netty-tcnative-boringssl-static-2.0.24.Final.jar;C:\Users\multicampus\.m2\repository\io\netty\netty-codec-http2\4.1.34.Final\netty-codec-http2-4.1.34.Final.jar;C:\Users\multicampus\.m2\repository\io\netty\netty-common\4.1.34.Final\netty-common-4.1.34.Final.jar;C:\Users\multicampus\.m2\repository\io\netty\netty-buffer\4.1.34.Final\netty-buffer-4.1.34.Final.jar;C:\Users\multicampus\.m2\repository\io\netty\netty-transport\4.1.34.Final\netty-transport-4.1.34.Final.jar;C:\Users\multicampus\.m2\repository\io\netty\netty-resolver\4.1.34.Final\netty-resolver-4.1.34.Final.jar;C:\Users\multicampus\.m2\repository\io\netty\netty-codec\4.1.34.Final\netty-codec-4.1.34.Final.jar;C:\Users\multicampus\.m2\repository\io\netty\netty-handler\4.1.34.Final\netty-handler-4.1.34.Final.jar;C:\Users\multicampus\.m2\repository\io\netty\netty-codec-http\4.1.34.Final\netty-codec-http-4.1.34.Final.jar;C:\Users\multicampus\.m2\repository\com\google\protobuf\protobuf-java\3.6.1\protobuf-java-3.6.1.jar;C:\Users\multicampus\.m2\repository\com\google\protobuf\protobuf-java-util\3.6.1\protobuf-java-util-3.6.1.jar;C:\Users\multicampus\.m2\repository\com\google\code\gson\gson\2.8.5\gson-2.8.5.jar;C:\Users\multicampus\.m2\repository\org\bouncycastle\bcpkix-jdk15on\1.60\bcpkix-jdk15on-1.60.jar;C:\Users\multicampus\.m2\repository\org\bouncycastle\bcprov-jdk15on\1.60\bcprov-jdk15on-1.60.jar;C:\Users\multicampus\.m2\repository\commons-logging\commons-logging\1.2\commons-logging-1.2.jar;C:\Users\multicampus\.m2\repository\commons-cli\commons-cli\1.4\commons-cli-1.4.jar;C:\Users\multicampus\.m2\repository\org\apache\commons\commons-compress\1.18\commons-compress-1.18.jar;C:\Users\multicampus\.m2\repository\commons-io\commons-io\2.6\commons-io-2.6.jar;C:\Users\multicampus\.m2\repository\log4j\log4j\1.2.17\log4j-1.2.17.jar;C:\Users\multicampus\.m2\repository\log4j\apache-log4j-extras\1.2.17\apache-log4j-extras-1.2.17.jar;C:\Users\multicampus\.m2\repository\org\glassfish\javax.json\1.1.4\javax.json-1.1.4.jar;C:\Users\multicampus\.m2\repository\org\yaml\snakeyaml\1.23\snakeyaml-1.23.jar;C:\Users\multicampus\.m2\repository\org\miracl\milagro\amcl\milagro-crypto-java\0.4.0\milagro-crypto-java-0.4.0.jar;C:\Users\multicampus\.m2\repository\org\apache\commons\commons-math3\3.6.1\commons-math3-3.6.1.jar;C:\Users\multicampus\.m2\repository\org\springframework\boot\spring-boot-devtools\2.1.4.RELEASE\spring-boot-devtools-2.1.4.RELEASE.jar;C:\Users\multicampus\.m2\repository\org\springframework\boot\spring-boot\2.1.4.RELEASE\spring-boot-2.1.4.RELEASE.jar;"/>
    <property name="sun.cpu.endian" value="little"/>
    <property name="user.home" value="C:\Users\multicampus"/>
    <property name="user.language" value="ko"/>
    <property name="java.specification.vendor" value="Oracle Corporation"/>
    <property name="java.home" value="C:\Program Files\Java\jdk1.8.0_191\jre"/>
    <property name="basedir" value="C:\workspace\blockchain-sub3\haribo-backend"/>
    <property name="style.color" value="always"/>
    <property name="file.separator" value="\"/>
    <property name="line.separator" value="&#10;"/>
    <property name="java.vm.specification.vendor" value="Oracle Corporation"/>
    <property name="java.specification.name" value="Java Platform API Specification"/>
    <property name="java.awt.graphicsenv" value="sun.awt.Win32GraphicsEnvironment"/>
    <property name="surefire.real.class.path" value="C:\Users\MULTIC~1\AppData\Local\Temp\surefire3784491022878369310\surefirebooter8608718604933080439.jar"/>
    <property name="sun.boot.class.path" value="C:\Program Files\Java\jdk1.8.0_191\jre\lib\resources.jar;C:\Program Files\Java\jdk1.8.0_191\jre\lib\rt.jar;C:\Program Files\Java\jdk1.8.0_191\jre\lib\sunrsasign.jar;C:\Program Files\Java\jdk1.8.0_191\jre\lib\jsse.jar;C:\Program Files\Java\jdk1.8.0_191\jre\lib\jce.jar;C:\Program Files\Java\jdk1.8.0_191\jre\lib\charsets.jar;C:\Program Files\Java\jdk1.8.0_191\jre\lib\jfr.jar;C:\Program Files\Java\jdk1.8.0_191\jre\classes"/>
    <property name="user.script" value=""/>
    <property name="sun.management.compiler" value="HotSpot 64-Bit Tiered Compilers"/>
    <property name="java.runtime.version" value="1.8.0_191-b12"/>
    <property name="user.name" value="multicampus"/>
    <property name="path.separator" value=";"/>
    <property name="os.version" value="10.0"/>
    <property name="java.endorsed.dirs" value="C:\Program Files\Java\jdk1.8.0_191\jre\lib\endorsed"/>
    <property name="java.runtime.name" value="Java(TM) SE Runtime Environment"/>
    <property name="file.encoding" value="MS949"/>
    <property name="java.vm.name" value="Java HotSpot(TM) 64-Bit Server VM"/>
    <property name="localRepository" value="C:\Users\multicampus\.m2\repository"/>
    <property name="java.vendor.url.bug" value="http://bugreport.sun.com/bugreport/"/>
    <property name="java.io.tmpdir" value="C:\Users\MULTIC~1\AppData\Local\Temp\"/>
    <property name="java.version" value="1.8.0_191"/>
    <property name="user.dir" value="C:\workspace\blockchain-sub3\haribo-backend"/>
    <property name="os.arch" value="amd64"/>
    <property name="java.vm.specification.name" value="Java Virtual Machine Specification"/>
    <property name="java.awt.printerjob" value="sun.awt.windows.WPrinterJob"/>
    <property name="sun.os.patch.level" value=""/>
    <property name="java.library.path" value="C:\Program Files\Java\jdk1.8.0_191\jre\bin;C:\WINDOWS\Sun\Java\bin;C:\WINDOWS\system32;C:\WINDOWS;C:/Program Files/Java/jre1.8.0_191/bin/server;C:/Program Files/Java/jre1.8.0_191/bin;C:/Program Files/Java/jre1.8.0_191/lib/amd64;C:\Program Files\Python35\Scripts\;C:\Program Files\Python35\;C:\Program Files\Python36\Scripts\;C:\Program Files\Python36\;C:\Program Files (x86)\Common Files\Oracle\Java\javapath;C:\Program Files (x86)\Intel\Intel(R) Management Engine Components\iCLS\;C:\Program Files\Intel\Intel(R) Management Engine Components\iCLS\;C:\Windows\system32;C:\Windows;C:\Windows\System32\Wbem;C:\Windows\System32\WindowsPowerShell\v1.0\;C:\Windows\System32\OpenSSH\;C:\Program Files (x86)\NVIDIA Corporation\PhysX\Common;C:\Program Files\Intel\WiFi\bin\;C:\Program Files\Common Files\Intel\WirelessCommon\;C:\Program Files (x86)\Intel\Intel(R) Management Engine Components\DAL;C:\Program Files\Intel\Intel(R) Management Engine Components\DAL;C:\Program Files (x86)\Intel\Intel(R) Management Engine Components\IPT;C:\Program Files\Intel\Intel(R) Management Engine Components\IPT;C:\Program Files\Git\cmd;C:\Program Files\nodejs\;C:\Program Files\Zulu\zulu-8\bin\;C:\Program Files\Microsoft SQL Server\130\Tools\Binn\;C:\HashiCorp\Vagrant\bin;C:\Program Files\PuTTY\;%SystemRoot%\system32;%SystemRoot%;%SystemRoot%\System32\Wbem;%SYSTEMROOT%\System32\WindowsPowerShell\v1.0\;%SYSTEMROOT%\System32\OpenSSH\;C:\Program Files\MySQL\MySQL Shell 8.0\bin\;C:\Users\multicampus\AppData\Roaming\npm;C:\Users\multicampus\AppData\Local\Programs\Microsoft VS Code\bin;C:\Program Files\Bandizip\;C:\Users\multicampus\AppData\Local\Microsoft\WindowsApps;C:\Users\multicampus\AppData\Local\atom\bin;C:\spring-tool\sts-bundle\sts-3.9.9.RELEASE;;."/>
    <property name="java.vm.info" value="mixed mode"/>
    <property name="java.vendor" value="Oracle Corporation"/>
    <property name="java.vm.version" value="25.191-b12"/>
    <property name="java.ext.dirs" value="C:\Program Files\Java\jdk1.8.0_191\jre\lib\ext;C:\WINDOWS\Sun\Java\lib\ext"/>
    <property name="sun.io.unicode.encoding" value="UnicodeLittle"/>
    <property name="java.class.version" value="52.0"/>
  </properties>
  <testcase name="test삭제" classname="com.bcauction.application.DigitalWorkServiceTest" time="0.133">
    <error type="java.lang.NullPointerException">java.lang.NullPointerException
	at com.bcauction.application.DigitalWorkServiceTest.test삭제(DigitalWorkServiceTest.java:73)
</error>
    <system-out><![CDATA[13:11:29  INFO [org.springframework.boot.test.context.SpringBootTestContextBootstrapper] Neither @ContextConfiguration nor @ContextHierarchy found for test class [com.bcauction.application.DigitalWorkServiceTest], using SpringBootContextLoader
13:11:29  INFO [org.springframework.test.context.support.AbstractContextLoader] Could not detect default resource locations for test class [com.bcauction.application.DigitalWorkServiceTest]: no resource found for suffixes {-context.xml, Context.groovy}.
13:11:29  INFO [org.springframework.boot.test.context.SpringBootTestContextBootstrapper] Loaded default TestExecutionListener class names from location [META-INF/spring.factories]: [org.springframework.boot.test.mock.mockito.MockitoTestExecutionListener, org.springframework.boot.test.mock.mockito.ResetMocksTestExecutionListener, org.springframework.boot.test.autoconfigure.restdocs.RestDocsTestExecutionListener, org.springframework.boot.test.autoconfigure.web.client.MockRestServiceServerResetTestExecutionListener, org.springframework.boot.test.autoconfigure.web.servlet.MockMvcPrintOnlyOnFailureTestExecutionListener, org.springframework.boot.test.autoconfigure.web.servlet.WebDriverTestExecutionListener, org.springframework.test.context.web.ServletTestExecutionListener, org.springframework.test.context.support.DirtiesContextBeforeModesTestExecutionListener, org.springframework.test.context.support.DependencyInjectionTestExecutionListener, org.springframework.test.context.support.DirtiesContextTestExecutionListener, org.springframework.test.context.transaction.TransactionalTestExecutionListener, org.springframework.test.context.jdbc.SqlScriptsTestExecutionListener]
13:11:29  INFO [org.springframework.boot.test.context.SpringBootTestContextBootstrapper] Using TestExecutionListeners: [org.springframework.test.context.web.ServletTestExecutionListener@631c6d11, org.springframework.test.context.support.DirtiesContextBeforeModesTestExecutionListener@65be88ae, org.springframework.boot.test.mock.mockito.MockitoTestExecutionListener@62ade015, org.springframework.boot.test.autoconfigure.SpringBootDependencyInjectionTestExecutionListener@70ede57d, org.springframework.test.context.support.DirtiesContextTestExecutionListener@70997a94, org.springframework.test.context.transaction.TransactionalTestExecutionListener@61f377d1, org.springframework.test.context.jdbc.SqlScriptsTestExecutionListener@6c538eb2, org.springframework.boot.test.mock.mockito.ResetMocksTestExecutionListener@738a5848, org.springframework.boot.test.autoconfigure.restdocs.RestDocsTestExecutionListener@487cd177, org.springframework.boot.test.autoconfigure.web.client.MockRestServiceServerResetTestExecutionListener@324b6a56, org.springframework.boot.test.autoconfigure.web.servlet.MockMvcPrintOnlyOnFailureTestExecutionListener@421d54b3, org.springframework.boot.test.autoconfigure.web.servlet.WebDriverTestExecutionListener@63f40ca0]
13:11:29  INFO [org.springframework.test.context.transaction.TransactionContext] Began transaction (1) for test context [DefaultTestContext@6fa02932 testClass = DigitalWorkServiceTest, testInstance = com.bcauction.application.DigitalWorkServiceTest@61608e1a, testMethod = test삭제@DigitalWorkServiceTest, testException = [null], mergedContextConfiguration = [WebMergedContextConfiguration@7c46c9c3 testClass = DigitalWorkServiceTest, locations = '{}', classes = '{class com.bcauction.Application, class com.bcauction.Application}', contextInitializerClasses = '[]', activeProfiles = '{}', propertySourceLocations = '{}', propertySourceProperties = '{org.springframework.boot.test.context.SpringBootTestContextBootstrapper=true}', contextCustomizers = set[org.springframework.boot.test.context.filter.ExcludeFilterContextCustomizer@7a36aefa, org.springframework.boot.test.json.DuplicateJsonObjectContextCustomizerFactory$DuplicateJsonObjectContextCustomizer@5fdba6f9, org.springframework.boot.test.mock.mockito.MockitoContextCustomizer@0, org.springframework.boot.test.web.client.TestRestTemplateContextCustomizer@7dc222ae, org.springframework.boot.test.autoconfigure.properties.PropertyMappingContextCustomizer@0, org.springframework.boot.test.autoconfigure.web.servlet.WebDriverContextCustomizerFactory$Customizer@133e16fd], resourceBasePath = 'src/main/webapp', contextLoader = 'org.springframework.boot.test.context.SpringBootContextLoader', parent = [null]], attributes = map['org.springframework.test.context.web.ServletTestExecutionListener.activateListener' -> true, 'org.springframework.test.context.web.ServletTestExecutionListener.populatedRequestContextHolder' -> true, 'org.springframework.test.context.web.ServletTestExecutionListener.resetRequestContextHolder' -> true]]; transaction manager [org.springframework.jdbc.datasource.DataSourceTransactionManager@7197b07f]; rollback [true]
13:11:29  INFO [org.springframework.test.context.transaction.TransactionContext] Rolled back transaction for test: [DefaultTestContext@6fa02932 testClass = DigitalWorkServiceTest, testInstance = com.bcauction.application.DigitalWorkServiceTest@61608e1a, testMethod = test삭제@DigitalWorkServiceTest, testException = java.lang.NullPointerException, mergedContextConfiguration = [WebMergedContextConfiguration@7c46c9c3 testClass = DigitalWorkServiceTest, locations = '{}', classes = '{class com.bcauction.Application, class com.bcauction.Application}', contextInitializerClasses = '[]', activeProfiles = '{}', propertySourceLocations = '{}', propertySourceProperties = '{org.springframework.boot.test.context.SpringBootTestContextBootstrapper=true}', contextCustomizers = set[org.springframework.boot.test.context.filter.ExcludeFilterContextCustomizer@7a36aefa, org.springframework.boot.test.json.DuplicateJsonObjectContextCustomizerFactory$DuplicateJsonObjectContextCustomizer@5fdba6f9, org.springframework.boot.test.mock.mockito.MockitoContextCustomizer@0, org.springframework.boot.test.web.client.TestRestTemplateContextCustomizer@7dc222ae, org.springframework.boot.test.autoconfigure.properties.PropertyMappingContextCustomizer@0, org.springframework.boot.test.autoconfigure.web.servlet.WebDriverContextCustomizerFactory$Customizer@133e16fd], resourceBasePath = 'src/main/webapp', contextLoader = 'org.springframework.boot.test.context.SpringBootContextLoader', parent = [null]], attributes = map['org.springframework.test.context.web.ServletTestExecutionListener.activateListener' -> true, 'org.springframework.test.context.web.ServletTestExecutionListener.populatedRequestContextHolder' -> true, 'org.springframework.test.context.web.ServletTestExecutionListener.resetRequestContextHolder' -> true]]
]]></system-out>
  </testcase>
  <testcase name="test수정" classname="com.bcauction.application.DigitalWorkServiceTest" time="0.08"/>
  <testcase name="test조회" classname="com.bcauction.application.DigitalWorkServiceTest" time="0.02">
    <failure type="java.lang.AssertionError">java.lang.AssertionError
	at com.bcauction.application.DigitalWorkServiceTest.test조회(DigitalWorkServiceTest.java:49)
</failure>
  </testcase>
  <testcase name="test목록조회" classname="com.bcauction.application.DigitalWorkServiceTest" time="0.012"/>
  <testcase name="test작품등록" classname="com.bcauction.application.DigitalWorkServiceTest" time="4.406">
    <failure type="java.lang.AssertionError">java.lang.AssertionError
	at com.bcauction.application.DigitalWorkServiceTest.test작품등록(DigitalWorkServiceTest.java:33)
</failure>
    <system-out><![CDATA[13:11:29  INFO [org.springframework.test.context.transaction.TransactionContext] Began transaction (1) for test context [DefaultTestContext@6fa02932 testClass = DigitalWorkServiceTest, testInstance = com.bcauction.application.DigitalWorkServiceTest@a1691c0, testMethod = test작품등록@DigitalWorkServiceTest, testException = [null], mergedContextConfiguration = [WebMergedContextConfiguration@7c46c9c3 testClass = DigitalWorkServiceTest, locations = '{}', classes = '{class com.bcauction.Application, class com.bcauction.Application}', contextInitializerClasses = '[]', activeProfiles = '{}', propertySourceLocations = '{}', propertySourceProperties = '{org.springframework.boot.test.context.SpringBootTestContextBootstrapper=true}', contextCustomizers = set[org.springframework.boot.test.context.filter.ExcludeFilterContextCustomizer@7a36aefa, org.springframework.boot.test.json.DuplicateJsonObjectContextCustomizerFactory$DuplicateJsonObjectContextCustomizer@5fdba6f9, org.springframework.boot.test.mock.mockito.MockitoContextCustomizer@0, org.springframework.boot.test.web.client.TestRestTemplateContextCustomizer@7dc222ae, org.springframework.boot.test.autoconfigure.properties.PropertyMappingContextCustomizer@0, org.springframework.boot.test.autoconfigure.web.servlet.WebDriverContextCustomizerFactory$Customizer@133e16fd], resourceBasePath = 'src/main/webapp', contextLoader = 'org.springframework.boot.test.context.SpringBootContextLoader', parent = [null]], attributes = map['org.springframework.test.context.web.ServletTestExecutionListener.activateListener' -> true, 'org.springframework.test.context.web.ServletTestExecutionListener.populatedRequestContextHolder' -> true, 'org.springframework.test.context.web.ServletTestExecutionListener.resetRequestContextHolder' -> true]]; transaction manager [org.springframework.jdbc.datasource.DataSourceTransactionManager@7197b07f]; rollback [true]
13:11:29  WARN [org.hyperledger.fabric.sdk.helper.Config] Failed to load any configuration from: config.properties. Using toolkit defaults
13:11:29  INFO [com.bcauction.domain.CommonUtil] file| url=file:/C:/workspace/blockchain-sub3/haribo-backend/target/classes/fabric-ca.pem
13:11:29  INFO [com.bcauction.domain.CommonUtil] C:\workspace\blockchain-sub3\haribo-backend\target\classes\fabric-ca.pem
13:11:29  WARN [org.hyperledger.fabric_ca.sdk.helper.Config] Failed to load any configuration from: config.properties. Using toolkit defaults
13:11:31  INFO [org.hyperledger.fabric.sdk.Channel] Channel Channel{id: 1, name: auctionchannel001} eventThread started shutdown: false  thread: null 
{"assetID":"47","owner":"15","createdAt":"2019-09-26 04:11:32","expiredAt":"FALSE"}
13:11:33  INFO [com.bcauction.application.impl.FabricCCService] Work 47 by Owner 15: 2019-09-26 04:11:32 ~ FALSE
asset : FabricAsset [assetID=47, owner=15, createdAt=2019-09-26T04:11:32, expiredAt=null, formatter=Value(YearOfEra,4,19,EXCEEDS_PAD)'-'Value(MonthOfYear,2)'-'Value(DayOfMonth,2)' 'Value(HourOfDay,2)':'Value(MinuteOfHour,2)':'Value(SecondOfMinute,2)]
13:11:34  INFO [com.bcauction.infrastructure.repository.OwnershipRepository] 조회 (소유자id, 작품id) = (15, 47)
13:11:34  INFO [com.bcauction.infrastructure.repository.OwnershipRepository] true
13:11:34  INFO [org.springframework.test.context.transaction.TransactionContext] Rolled back transaction for test: [DefaultTestContext@6fa02932 testClass = DigitalWorkServiceTest, testInstance = com.bcauction.application.DigitalWorkServiceTest@a1691c0, testMethod = test작품등록@DigitalWorkServiceTest, testException = java.lang.AssertionError, mergedContextConfiguration = [WebMergedContextConfiguration@7c46c9c3 testClass = DigitalWorkServiceTest, locations = '{}', classes = '{class com.bcauction.Application, class com.bcauction.Application}', contextInitializerClasses = '[]', activeProfiles = '{}', propertySourceLocations = '{}', propertySourceProperties = '{org.springframework.boot.test.context.SpringBootTestContextBootstrapper=true}', contextCustomizers = set[org.springframework.boot.test.context.filter.ExcludeFilterContextCustomizer@7a36aefa, org.springframework.boot.test.json.DuplicateJsonObjectContextCustomizerFactory$DuplicateJsonObjectContextCustomizer@5fdba6f9, org.springframework.boot.test.mock.mockito.MockitoContextCustomizer@0, org.springframework.boot.test.web.client.TestRestTemplateContextCustomizer@7dc222ae, org.springframework.boot.test.autoconfigure.properties.PropertyMappingContextCustomizer@0, org.springframework.boot.test.autoconfigure.web.servlet.WebDriverContextCustomizerFactory$Customizer@133e16fd], resourceBasePath = 'src/main/webapp', contextLoader = 'org.springframework.boot.test.context.SpringBootContextLoader', parent = [null]], attributes = map['org.springframework.test.context.web.ServletTestExecutionListener.activateListener' -> true, 'org.springframework.test.context.web.ServletTestExecutionListener.populatedRequestContextHolder' -> true, 'org.springframework.test.context.web.ServletTestExecutionListener.resetRequestContextHolder' -> true]]
]]></system-out>
  </testcase>
</testsuite>